TN:
SF:src/prompt/buildCanonicalPrompt.ts
FN:4,buildCanonicalPromptInput
FNF:1
FNH:1
FNDA:1,buildCanonicalPromptInput
DA:4,1
DA:5,1
DA:6,1
DA:7,1
DA:8,1
DA:9,1
DA:10,1
DA:11,1
DA:12,1
DA:13,1
DA:14,1
DA:15,1
DA:16,1
DA:17,1
LF:14
LH:14
BRDA:4,0,0,1
BRF:1
BRH:1
end_of_record
TN:
SF:src/prompt/renderClaudePrompt.ts
FN:4,renderClaudePrompt
FNF:1
FNH:1
FNDA:2,renderClaudePrompt
DA:2,1
DA:4,1
DA:5,2
DA:6,2
DA:7,2
DA:8,2
DA:9,2
DA:10,2
DA:11,2
DA:12,2
DA:13,2
DA:14,2
DA:15,2
DA:16,2
DA:17,2
DA:18,2
DA:19,2
DA:20,2
DA:21,2
DA:22,2
DA:23,2
DA:24,2
DA:25,2
LF:23
LH:23
BRDA:4,0,0,2
BRF:1
BRH:1
end_of_record
TN:
SF:src/prompt/renderCodexPrompt.ts
FN:4,renderCodexPrompt
FNF:1
FNH:1
FNDA:2,renderCodexPrompt
DA:2,1
DA:4,1
DA:5,2
DA:6,2
DA:7,2
DA:8,2
DA:9,2
DA:10,2
DA:11,2
DA:12,2
DA:13,2
DA:14,2
DA:15,2
DA:16,2
DA:17,2
DA:18,2
DA:19,2
DA:20,2
DA:21,2
DA:22,2
DA:23,2
DA:24,2
DA:25,2
LF:23
LH:23
BRDA:4,0,0,2
BRF:1
BRH:1
end_of_record
TN:
SF:src/prompt/renderPrompt.ts
FN:6,renderPrompt
FNF:1
FNH:1
FNDA:3,renderPrompt
DA:2,1
DA:3,1
DA:4,1
DA:6,1
DA:7,3
DA:8,3
DA:9,1
DA:10,3
DA:11,1
DA:12,3
DA:13,3
DA:14,1
DA:15,3
DA:16,3
LF:14
LH:14
BRDA:6,0,0,3
BRDA:8,1,0,1
BRDA:10,2,0,1
BRDA:12,3,0,1
BRDA:13,4,0,1
BRF:5
BRH:5
end_of_record
TN:
SF:src/prompt/renderQwenPrompt.ts
FN:4,renderQwenPrompt
FNF:1
FNH:1
FNDA:2,renderQwenPrompt
DA:2,1
DA:4,1
DA:5,2
DA:6,2
DA:7,2
DA:8,2
DA:9,2
DA:10,2
DA:11,2
DA:12,2
DA:13,2
DA:14,2
DA:15,2
DA:16,2
DA:17,2
DA:18,2
DA:19,2
DA:20,2
DA:21,2
DA:22,2
DA:23,2
DA:24,2
DA:25,2
LF:23
LH:23
BRDA:4,0,0,2
BRF:1
BRH:1
end_of_record
TN:
SF:src/prompt/renderShared.ts
FN:3,renderIssueList
FN:15,renderSharedConstraints
FN:29,getStyleLine
FNF:3
FNH:3
FNDA:7,renderIssueList
FNDA:9,renderSharedConstraints
FNDA:9,getStyleLine
DA:3,1
DA:4,7
DA:5,7
DA:6,14
DA:7,14
DA:8,14
DA:9,14
DA:10,14
DA:11,7
DA:12,7
DA:13,7
DA:15,1
DA:16,9
DA:18,9
DA:19,9
DA:20,9
DA:21,9
DA:22,9
DA:23,9
DA:24,9
DA:25,9
DA:26,9
DA:27,9
DA:29,9
DA:30,9
DA:31,1
DA:32,1
DA:34,9
DA:35,7
DA:36,7
DA:38,1
DA:39,1
LF:32
LH:32
BRDA:3,0,0,7
BRDA:5,1,0,14
BRDA:6,2,0,7
BRDA:6,3,0,7
BRDA:7,4,0,7
BRDA:7,5,0,7
BRDA:7,6,0,7
BRDA:8,7,0,7
BRDA:8,8,0,7
BRDA:9,9,0,7
BRDA:9,10,0,7
BRDA:15,11,0,9
BRDA:29,12,0,9
BRDA:30,13,0,1
BRDA:32,14,0,8
BRDA:34,15,0,7
BRDA:36,16,0,1
BRF:17
BRH:17
end_of_record
TN:
SF:src/sonar/SonarBackendFactory.ts
FN:7,createSonarBackend
FNF:1
FNH:1
FNDA:4,createSonarBackend
DA:2,1
DA:3,1
DA:5,1
DA:7,1
DA:8,4
DA:9,1
DA:10,1
DA:12,4
DA:13,1
DA:14,1
DA:16,4
DA:17,1
DA:18,1
DA:20,1
DA:21,1
LF:15
LH:15
BRDA:7,0,0,4
BRDA:8,1,0,3
BRDA:8,2,0,1
BRDA:10,3,0,3
BRDA:12,4,0,1
BRDA:14,5,0,2
BRDA:16,6,0,1
BRF:7
BRH:7
end_of_record
TN:
SF:src/sonar/SonarCloudBackend.ts
FN:43,SonarCloudBackend
FN:45,<instance_members_initializer>
FN:47,testConnection
FN:61,getIssues
FN:74,getRules
FN:87,getProjectInfo
FN:98,getCapabilities
FNF:7
FNH:7
FNDA:4,SonarCloudBackend
FNDA:4,<instance_members_initializer>
FNDA:2,testConnection
FNDA:1,getIssues
FNDA:2,getRules
FNDA:2,getProjectInfo
FNDA:1,getCapabilities
DA:2,1
DA:3,1
DA:5,1
DA:40,1
DA:41,1
DA:43,1
DA:44,4
DA:45,4
DA:47,1
DA:48,2
DA:49,2
DA:50,1
DA:51,1
DA:52,1
DA:53,1
DA:54,1
DA:55,1
DA:56,1
DA:57,1
DA:58,1
DA:59,2
DA:61,1
DA:62,1
DA:63,1
DA:64,1
DA:65,1
DA:66,1
DA:67,1
DA:68,1
DA:69,1
DA:71,1
DA:72,1
DA:74,1
DA:75,2
DA:76,1
DA:77,1
DA:79,1
DA:80,1
DA:81,1
DA:82,1
DA:84,1
DA:85,2
DA:87,1
DA:88,2
DA:89,2
DA:90,2
DA:91,2
DA:92,2
DA:93,2
DA:95,2
DA:96,2
DA:98,1
DA:99,1
DA:100,1
DA:101,1
DA:102,1
DA:103,1
DA:104,1
DA:105,1
DA:106,1
LF:60
LH:60
BRDA:43,0,0,4
BRDA:45,1,0,4
BRDA:47,2,0,2
BRDA:49,3,0,1
BRDA:61,4,0,1
BRDA:74,5,0,2
BRDA:75,6,0,1
BRDA:87,7,0,2
BRDA:98,8,0,1
BRF:9
BRH:9
end_of_record
TN:
SF:src/sonar/SonarQubeServerBackend.ts
FN:44,SonarQubeServerBackend
FN:46,<instance_members_initializer>
FN:48,testConnection
FN:71,getIssues
FN:83,getRules
FN:95,getProjectInfo
FN:110,getCapabilities
FNF:7
FNH:7
FNDA:5,SonarQubeServerBackend
FNDA:5,<instance_members_initializer>
FNDA:3,testConnection
FNDA:1,getIssues
FNDA:2,getRules
FNDA:3,getProjectInfo
FNDA:2,getCapabilities
DA:2,1
DA:3,1
DA:5,1
DA:6,1
DA:41,1
DA:42,1
DA:44,1
DA:45,5
DA:46,5
DA:48,1
DA:49,3
DA:50,3
DA:51,1
DA:52,1
DA:53,1
DA:54,1
DA:55,1
DA:56,1
DA:57,3
DA:58,2
DA:59,1
DA:60,1
DA:61,1
DA:62,1
DA:63,1
DA:64,1
DA:65,1
DA:67,1
DA:68,1
DA:69,3
DA:71,1
DA:72,1
DA:73,1
DA:74,1
DA:75,1
DA:76,1
DA:77,1
DA:78,1
DA:80,1
DA:81,1
DA:83,1
DA:84,2
DA:85,1
DA:86,1
DA:88,1
DA:89,1
DA:90,1
DA:92,1
DA:93,2
DA:95,1
DA:96,3
DA:97,3
DA:98,3
DA:99,3
DA:100,3
DA:102,3
DA:103,3
DA:104,1
DA:105,1
DA:107,2
DA:108,3
DA:110,1
DA:111,2
DA:112,2
DA:113,2
DA:114,1
DA:115,1
DA:116,1
DA:118,2
DA:119,2
DA:120,2
DA:121,2
DA:122,2
DA:123,2
DA:124,2
DA:125,1
LF:76
LH:76
BRDA:44,0,0,5
BRDA:46,1,0,5
BRDA:48,2,0,3
BRDA:50,3,0,1
BRDA:57,4,0,2
BRDA:58,5,0,1
BRDA:71,6,0,1
BRDA:83,7,0,2
BRDA:84,8,0,1
BRDA:95,9,0,3
BRDA:103,10,0,1
BRDA:105,11,0,2
BRDA:102,12,0,4
BRDA:110,13,0,2
BRDA:113,14,0,1
BRDA:122,15,0,1
BRF:16
BRH:16
end_of_record
TN:
SF:src/sonar/mappers.ts
FN:24,mapIssue
FN:39,mapRule
FNF:2
FNH:2
FNDA:3,mapIssue
FNDA:3,mapRule
DA:24,1
DA:25,3
DA:26,3
DA:27,3
DA:28,3
DA:29,3
DA:30,3
DA:31,3
DA:32,3
DA:33,3
DA:34,3
DA:35,3
DA:36,3
DA:37,3
DA:39,1
DA:40,3
DA:41,3
DA:42,3
DA:43,3
DA:44,3
DA:45,3
DA:46,3
DA:47,3
LF:23
LH:23
BRDA:24,0,0,3
BRDA:35,1,0,2
BRDA:39,2,0,3
BRF:3
BRH:3
end_of_record
TN:
SF:src/state/ConnectionState.ts
FN:9,ConnectionState
FN:11,getConnection
FN:31,getToken
FN:35,updateSetting
FN:41,updateConnection
FN:54,notifyChanged
FNF:6
FNH:6
FNDA:3,ConnectionState
FNDA:1,getConnection
FNDA:1,getToken
FNDA:1,updateSetting
FNDA:2,updateConnection
FNDA:1,notifyChanged
DA:1,1
DA:3,1
DA:5,1
DA:6,1
DA:7,1
DA:9,1
DA:11,1
DA:12,1
DA:13,1
DA:14,1
DA:15,1
DA:16,1
DA:17,1
DA:19,1
DA:20,1
DA:21,1
DA:22,1
DA:23,1
DA:24,1
DA:25,1
DA:26,1
DA:27,1
DA:28,1
DA:29,1
DA:31,1
DA:32,1
DA:33,1
DA:35,1
DA:36,1
DA:37,1
DA:38,1
DA:39,1
DA:41,1
DA:42,2
DA:43,2
DA:44,2
DA:45,2
DA:46,2
DA:47,2
DA:48,2
DA:49,2
DA:50,2
DA:51,2
DA:52,2
DA:54,1
DA:55,1
DA:56,1
DA:57,1
LF:48
LH:48
BRDA:9,0,0,3
BRDA:11,1,0,1
BRDA:24,2,0,0
BRDA:31,3,0,1
BRDA:35,4,0,1
BRDA:41,5,0,2
BRDA:46,6,0,1
BRDA:47,7,0,1
BRDA:48,8,0,1
BRDA:49,9,0,1
BRDA:50,10,0,1
BRDA:54,11,0,1
BRF:12
BRH:11
end_of_record
TN:
SF:src/state/FilterState.ts
FN:13,<instance_members_initializer>
FN:17,getFilters
FN:26,setFilters
FN:36,clear
FN:41,apply
FNF:5
FNH:5
FNDA:3,<instance_members_initializer>
FNDA:2,getFilters
FNDA:8,setFilters
FNDA:2,clear
FNDA:7,apply
DA:1,1
DA:4,1
DA:5,1
DA:6,1
DA:7,1
DA:8,1
DA:9,1
DA:10,1
DA:12,1
DA:13,1
DA:14,3
DA:15,3
DA:17,1
DA:18,2
DA:19,2
DA:20,2
DA:21,2
DA:22,2
DA:23,2
DA:24,2
DA:26,1
DA:27,8
DA:28,8
DA:29,8
DA:30,8
DA:31,8
DA:32,8
DA:33,8
DA:34,8
DA:36,1
DA:37,2
DA:38,2
DA:39,2
DA:41,1
DA:42,7
DA:43,7
DA:44,13
DA:45,2
DA:46,2
DA:47,13
DA:48,2
DA:49,2
DA:50,13
DA:51,2
DA:52,2
DA:53,13
DA:54,2
DA:55,2
DA:56,13
DA:57,2
DA:58,2
DA:59,3
DA:60,7
DA:61,7
DA:62,1
LF:55
LH:55
BRDA:13,0,0,3
BRDA:17,1,0,2
BRDA:26,2,0,8
BRDA:36,3,0,2
BRDA:41,4,0,7
BRDA:43,5,0,13
BRDA:44,6,0,3
BRDA:44,7,0,2
BRDA:46,8,0,11
BRDA:47,9,0,3
BRDA:47,10,0,2
BRDA:49,11,0,9
BRDA:50,12,0,3
BRDA:50,13,0,1
BRDA:50,14,0,2
BRDA:52,15,0,7
BRDA:53,16,0,3
BRDA:53,17,0,2
BRDA:55,18,0,5
BRDA:56,19,0,3
BRDA:56,20,0,2
BRDA:58,21,0,3
BRF:22
BRH:22
end_of_record
TN:
SF:src/state/SelectionState.ts
FN:5,<instance_members_initializer>
FN:10,setKnownIssues
FN:14,isSelected
FN:18,toggle
FN:28,selectMany
FN:36,clear
FN:41,getSelectedIssues
FN:47,getSelectedCount
FNF:8
FNH:8
FNDA:1,<instance_members_initializer>
FNDA:1,setKnownIssues
FNDA:2,isSelected
FNDA:2,toggle
FNDA:1,selectMany
FNDA:1,clear
FNDA:1,getSelectedIssues
FNDA:2,getSelectedCount
DA:1,1
DA:4,1
DA:5,1
DA:6,1
DA:7,1
DA:8,1
DA:10,1
DA:11,1
DA:12,1
DA:14,1
DA:15,2
DA:16,2
DA:18,1
DA:19,2
DA:20,1
DA:21,1
DA:22,1
DA:23,1
DA:24,1
DA:25,2
DA:26,2
DA:28,1
DA:29,1
DA:30,2
DA:31,2
DA:32,2
DA:33,1
DA:34,1
DA:36,1
DA:37,1
DA:38,1
DA:39,1
DA:41,1
DA:42,1
DA:43,1
DA:44,1
DA:45,1
DA:47,1
DA:48,2
DA:49,2
DA:50,1
LF:41
LH:41
BRDA:5,0,0,1
BRDA:10,1,0,1
BRDA:11,2,0,2
BRDA:14,3,0,2
BRDA:18,4,0,2
BRDA:19,5,0,1
BRDA:28,6,0,1
BRDA:29,7,0,2
BRDA:36,8,0,1
BRDA:41,9,0,1
BRDA:43,10,0,2
BRDA:44,11,0,2
BRDA:47,12,0,2
BRF:13
BRH:13
end_of_record
TN:
SF:src/util/diagnostics.ts
FN:4,mapConnectionError
FNF:1
FNH:1
FNDA:10,mapConnectionError
DA:1,1
DA:4,1
DA:5,10
DA:6,5
DA:7,3
DA:8,3
DA:9,3
DA:10,3
DA:11,3
DA:12,3
DA:13,3
DA:15,3
DA:16,1
DA:17,1
DA:18,1
DA:19,1
DA:20,1
DA:21,1
DA:22,1
DA:24,1
DA:25,1
DA:26,1
DA:27,1
DA:28,1
DA:29,1
DA:30,1
DA:32,8
DA:33,3
DA:34,1
DA:35,1
DA:36,1
DA:37,1
DA:38,1
DA:39,1
DA:40,1
DA:42,3
DA:43,2
DA:44,2
DA:45,2
DA:46,2
DA:47,2
DA:48,2
DA:49,2
DA:50,3
DA:52,2
DA:53,2
DA:54,2
DA:55,10
DA:56,10
DA:57,10
LF:50
LH:50
BRDA:4,0,0,10
BRDA:5,1,0,5
BRDA:6,2,0,3
BRDA:13,3,0,2
BRDA:15,4,0,1
BRDA:30,5,0,8
BRDA:30,6,0,5
BRDA:32,7,0,3
BRDA:33,8,0,2
BRDA:33,9,0,2
BRDA:33,10,0,2
BRDA:33,11,0,1
BRDA:40,12,0,2
BRDA:42,13,0,0
BRDA:42,14,0,2
BRDA:50,15,0,2
BRDA:55,16,0,1
BRDA:55,17,0,1
BRF:18
BRH:17
end_of_record
TN:
SF:src/util/errors.ts
FN:2,<instance_members_initializer>
FN:5,HttpError
FN:14,isErrorWithCode
FNF:3
FNH:3
FNDA:8,<instance_members_initializer>
FNDA:8,HttpError
FNDA:7,isErrorWithCode
DA:1,1
DA:2,1
DA:3,8
DA:5,1
DA:6,8
DA:7,8
DA:8,8
DA:9,8
DA:10,1
DA:12,1
DA:14,1
DA:15,7
DA:16,7
LF:13
LH:13
BRDA:2,0,0,8
BRDA:5,1,0,8
BRDA:14,2,0,7
BRDA:15,3,0,6
BRDA:15,4,0,5
BRF:5
BRH:5
end_of_record
